<?xml version="1.0" encoding="UTF-8"?>
<!-- Generated by org.testng.reporters.JUnitXMLReporter -->
<testsuite hostname="DESKTOP-8C4CL6D" ignored="0" name="Test" tests="1" failures="1" timestamp="03 May 2020 06:10:10 GMT" time="12.04" errors="0">
  <testcase name="login_Ebay" time="11.844" classname="com.lib.Maven_Demo1">
    <failure type="java.lang.AssertionError" message="expected [Sign in or Register | eBay] but found []">
      <![CDATA[java.lang.AssertionError: expected [Sign in or Register | eBay] but found []
at com.lib.Maven_Demo1.login_Ebay(Maven_Demo1.java:25)
... Removed 34 stack frames]]>
    </failure>
  </testcase> <!-- login_Ebay -->
</testsuite> <!-- Test -->
