<?xml version="1.0" encoding="UTF-8"?>
<testng-results skipped="0" failed="0" ignored="0" total="2" passed="2">
  <reporter-output>
  </reporter-output>
  <suite name="Suite" duration-ms="17304" started-at="2020-05-06T07:52:23Z" finished-at="2020-05-06T07:52:40Z">
    <groups>
    </groups>
    <test name="Test" duration-ms="17304" started-at="2020-05-06T07:52:23Z" finished-at="2020-05-06T07:52:40Z">
      <class name="com.lib.Maven_Demo1">
        <test-method status="PASS" signature="login_Ebay()[pri:0, instance:com.lib.Maven_Demo1@2acf57e3]" name="login_Ebay" duration-ms="17269" started-at="2020-05-06T07:52:23Z" finished-at="2020-05-06T07:52:40Z">
          <reporter-output>
          </reporter-output>
        </test-method> <!-- login_Ebay -->
      </class> <!-- com.lib.Maven_Demo1 -->
      <class name="com.lib.Variables_testing">
        <test-method status="PASS" signature="Jenkins()[pri:0, instance:com.lib.Variables_testing@506e6d5e]" name="Jenkins" duration-ms="1" started-at="2020-05-06T07:52:40Z" finished-at="2020-05-06T07:52:40Z">
          <reporter-output>
          </reporter-output>
        </test-method> <!-- Jenkins -->
      </class> <!-- com.lib.Variables_testing -->
    </test> <!-- Test -->
  </suite> <!-- Suite -->
</testng-results>
