-------------------------------------------------------------------------------
Test set: TestSuite
-------------------------------------------------------------------------------
Tests run: 1, Failures: 1, Errors: 0, Skipped: 0, Time elapsed: 13.256 sec <<< FAILURE! - in TestSuite
login_Ebay(com.lib.Maven_Demo1)  Time elapsed: 11.995 sec  <<< FAILURE!
java.lang.AssertionError: expected [Sign in or Register | eBay] but found []
	at com.lib.Maven_Demo1.login_Ebay(Maven_Demo1.java:25)

